<?xml version="1.0" encoding="UTF-8" standalone="no"?>
<!DOCTYPE log SYSTEM "logger.dtd">
<log>
<record>
  <date>2015-12-31T16:43:11</date>
  <millis>1451590991591</millis>
  <sequence>0</sequence>
  <logger>jMetal</logger>
  <level>INFO</level>
  <class>qopmo.nsgaII.NSGAII_main</class>
  <method>main</method>
  <thread>1</thread>
  <message>Total execution time: 2105ms</message>
</record>
<record>
  <date>2015-12-31T16:43:11</date>
  <millis>1451590991596</millis>
  <sequence>1</sequence>
  <logger>jMetal</logger>
  <level>INFO</level>
  <class>qopmo.nsgaII.NSGAII_main</class>
  <method>main</method>
  <thread>1</thread>
  <message>Variables values have been writen to file VAR</message>
</record>
<record>
  <date>2015-12-31T16:43:20</date>
  <millis>1451591000257</millis>
  <sequence>2</sequence>
  <logger>jMetal</logger>
  <level>INFO</level>
  <class>qopmo.nsgaII.NSGAII_main</class>
  <method>main</method>
  <thread>1</thread>
  <message>Objectives values have been writen to file FUN</message>
</record>
<record>
  <date>2015-12-31T16:43:21</date>
  <millis>1451591001051</millis>
  <sequence>3</sequence>
  <logger>jMetal</logger>
  <level>INFO</level>
  <class>qopmo.nsgaII.NSGAII_main</class>
  <method>main</method>
  <thread>1</thread>
  <message>Total execution time: 787ms</message>
</record>
<record>
  <date>2015-12-31T16:43:21</date>
  <millis>1451591001052</millis>
  <sequence>4</sequence>
  <logger>jMetal</logger>
  <level>INFO</level>
  <class>qopmo.nsgaII.NSGAII_main</class>
  <method>main</method>
  <thread>1</thread>
  <message>Variables values have been writen to file VAR</message>
</record>
<record>
  <date>2015-12-31T16:43:30</date>
  <millis>1451591010162</millis>
  <sequence>5</sequence>
  <logger>jMetal</logger>
  <level>INFO</level>
  <class>qopmo.nsgaII.NSGAII_main</class>
  <method>main</method>
  <thread>1</thread>
  <message>Objectives values have been writen to file FUN</message>
</record>
<record>
  <date>2015-12-31T16:43:31</date>
  <millis>1451591011025</millis>
  <sequence>6</sequence>
  <logger>jMetal</logger>
  <level>INFO</level>
  <class>qopmo.nsgaII.NSGAII_main</class>
  <method>main</method>
  <thread>1</thread>
  <message>Total execution time: 856ms</message>
</record>
<record>
  <date>2015-12-31T16:43:31</date>
  <millis>1451591011026</millis>
  <sequence>7</sequence>
  <logger>jMetal</logger>
  <level>INFO</level>
  <class>qopmo.nsgaII.NSGAII_main</class>
  <method>main</method>
  <thread>1</thread>
  <message>Variables values have been writen to file VAR</message>
</record>
<record>
  <date>2015-12-31T16:43:32</date>
  <millis>1451591012659</millis>
  <sequence>8</sequence>
  <logger>jMetal</logger>
  <level>INFO</level>
  <class>qopmo.nsgaII.NSGAII_main</class>
  <method>main</method>
  <thread>1</thread>
  <message>Objectives values have been writen to file FUN</message>
</record>
<record>
  <date>2015-12-31T16:43:33</date>
  <millis>1451591013167</millis>
  <sequence>9</sequence>
  <logger>jMetal</logger>
  <level>INFO</level>
  <class>qopmo.nsgaII.NSGAII_main</class>
  <method>main</method>
  <thread>1</thread>
  <message>Total execution time: 504ms</message>
</record>
<record>
  <date>2015-12-31T16:43:33</date>
  <millis>1451591013168</millis>
  <sequence>10</sequence>
  <logger>jMetal</logger>
  <level>INFO</level>
  <class>qopmo.nsgaII.NSGAII_main</class>
  <method>main</method>
  <thread>1</thread>
  <message>Variables values have been writen to file VAR</message>
</record>
<record>
  <date>2015-12-31T16:43:33</date>
  <millis>1451591013269</millis>
  <sequence>11</sequence>
  <logger>jMetal</logger>
  <level>INFO</level>
  <class>qopmo.nsgaII.NSGAII_main</class>
  <method>main</method>
  <thread>1</thread>
  <message>Objectives values have been writen to file FUN</message>
</record>
<record>
  <date>2015-12-31T16:43:33</date>
  <millis>1451591013809</millis>
  <sequence>12</sequence>
  <logger>jMetal</logger>
  <level>INFO</level>
  <class>qopmo.nsgaII.NSGAII_main</class>
  <method>main</method>
  <thread>1</thread>
  <message>Total execution time: 537ms</message>
</record>
<record>
  <date>2015-12-31T16:43:33</date>
  <millis>1451591013809</millis>
  <sequence>13</sequence>
  <logger>jMetal</logger>
  <level>INFO</level>
  <class>qopmo.nsgaII.NSGAII_main</class>
  <method>main</method>
  <thread>1</thread>
  <message>Variables values have been writen to file VAR</message>
</record>
<record>
  <date>2015-12-31T16:43:34</date>
  <millis>1451591014033</millis>
  <sequence>14</sequence>
  <logger>jMetal</logger>
  <level>INFO</level>
  <class>qopmo.nsgaII.NSGAII_main</class>
  <method>main</method>
  <thread>1</thread>
  <message>Objectives values have been writen to file FUN</message>
</record>
<record>
  <date>2015-12-31T16:43:34</date>
  <millis>1451591014907</millis>
  <sequence>15</sequence>
  <logger>jMetal</logger>
  <level>INFO</level>
  <class>qopmo.nsgaII.NSGAII_main</class>
  <method>main</method>
  <thread>1</thread>
  <message>Total execution time: 871ms</message>
</record>
<record>
  <date>2015-12-31T16:43:34</date>
  <millis>1451591014908</millis>
  <sequence>16</sequence>
  <logger>jMetal</logger>
  <level>INFO</level>
  <class>qopmo.nsgaII.NSGAII_main</class>
  <method>main</method>
  <thread>1</thread>
  <message>Variables values have been writen to file VAR</message>
</record>
<record>
  <date>2015-12-31T16:43:44</date>
  <millis>1451591024351</millis>
  <sequence>17</sequence>
  <logger>jMetal</logger>
  <level>INFO</level>
  <class>qopmo.nsgaII.NSGAII_main</class>
  <method>main</method>
  <thread>1</thread>
  <message>Objectives values have been writen to file FUN</message>
</record>
<record>
  <date>2015-12-31T16:43:44</date>
  <millis>1451591024948</millis>
  <sequence>18</sequence>
  <logger>jMetal</logger>
  <level>INFO</level>
  <class>qopmo.nsgaII.NSGAII_main</class>
  <method>main</method>
  <thread>1</thread>
  <message>Total execution time: 589ms</message>
</record>
<record>
  <date>2015-12-31T16:43:44</date>
  <millis>1451591024949</millis>
  <sequence>19</sequence>
  <logger>jMetal</logger>
  <level>INFO</level>
  <class>qopmo.nsgaII.NSGAII_main</class>
  <method>main</method>
  <thread>1</thread>
  <message>Variables values have been writen to file VAR</message>
</record>
<record>
  <date>2015-12-31T16:43:45</date>
  <millis>1451591025281</millis>
  <sequence>20</sequence>
  <logger>jMetal</logger>
  <level>INFO</level>
  <class>qopmo.nsgaII.NSGAII_main</class>
  <method>main</method>
  <thread>1</thread>
  <message>Objectives values have been writen to file FUN</message>
</record>
<record>
  <date>2015-12-31T16:43:45</date>
  <millis>1451591025818</millis>
  <sequence>21</sequence>
  <logger>jMetal</logger>
  <level>INFO</level>
  <class>qopmo.nsgaII.NSGAII_main</class>
  <method>main</method>
  <thread>1</thread>
  <message>Total execution time: 534ms</message>
</record>
<record>
  <date>2015-12-31T16:43:45</date>
  <millis>1451591025819</millis>
  <sequence>22</sequence>
  <logger>jMetal</logger>
  <level>INFO</level>
  <class>qopmo.nsgaII.NSGAII_main</class>
  <method>main</method>
  <thread>1</thread>
  <message>Variables values have been writen to file VAR</message>
</record>
<record>
  <date>2015-12-31T16:43:46</date>
  <millis>1451591026826</millis>
  <sequence>23</sequence>
  <logger>jMetal</logger>
  <level>INFO</level>
  <class>qopmo.nsgaII.NSGAII_main</class>
  <method>main</method>
  <thread>1</thread>
  <message>Objectives values have been writen to file FUN</message>
</record>
<record>
  <date>2015-12-31T16:43:47</date>
  <millis>1451591027521</millis>
  <sequence>24</sequence>
  <logger>jMetal</logger>
  <level>INFO</level>
  <class>qopmo.nsgaII.NSGAII_main</class>
  <method>main</method>
  <thread>1</thread>
  <message>Total execution time: 691ms</message>
</record>
<record>
  <date>2015-12-31T16:43:47</date>
  <millis>1451591027522</millis>
  <sequence>25</sequence>
  <logger>jMetal</logger>
  <level>INFO</level>
  <class>qopmo.nsgaII.NSGAII_main</class>
  <method>main</method>
  <thread>1</thread>
  <message>Variables values have been writen to file VAR</message>
</record>
<record>
  <date>2015-12-31T16:43:50</date>
  <millis>1451591030987</millis>
  <sequence>26</sequence>
  <logger>jMetal</logger>
  <level>INFO</level>
  <class>qopmo.nsgaII.NSGAII_main</class>
  <method>main</method>
  <thread>1</thread>
  <message>Objectives values have been writen to file FUN</message>
</record>
<record>
  <date>2015-12-31T16:43:51</date>
  <millis>1451591031556</millis>
  <sequence>27</sequence>
  <logger>jMetal</logger>
  <level>INFO</level>
  <class>qopmo.nsgaII.NSGAII_main</class>
  <method>main</method>
  <thread>1</thread>
  <message>Total execution time: 562ms</message>
</record>
<record>
  <date>2015-12-31T16:43:51</date>
  <millis>1451591031556</millis>
  <sequence>28</sequence>
  <logger>jMetal</logger>
  <level>INFO</level>
  <class>qopmo.nsgaII.NSGAII_main</class>
  <method>main</method>
  <thread>1</thread>
  <message>Variables values have been writen to file VAR</message>
</record>
<record>
  <date>2015-12-31T16:43:52</date>
  <millis>1451591032257</millis>
  <sequence>29</sequence>
  <logger>jMetal</logger>
  <level>INFO</level>
  <class>qopmo.nsgaII.NSGAII_main</class>
  <method>main</method>
  <thread>1</thread>
  <message>Objectives values have been writen to file FUN</message>
</record>
</log>
